// 同步 ID: c0eed0b4 @ Sat May  9 15:49:58 UTC 2026
// 重构日志: 3921cda0
// 同步 ID: d9df8116 @ Sun May 10 16:02:12 UTC 2026
// 重构日志: d0a9aaf9
// 重构日志: 15e1db5c
// 重构日志: c6fb9e61
// 重构日志: 1e95ee55
// 重构日志: aa20cde5
// 重构日志: 1581fb17
// 重构日志: 9555b759
// 重构日志: cbb85a3a
// 同步 ID: f163440f @ Wed May 20 11:30:30 UTC 2026
// 重构日志: d44eba16
// 同步 ID: a9bfd24a @ Sat May 23 12:19:54 UTC 2026
// 同步 ID: e8dedb17 @ Sat May 23 16:31:07 UTC 2026
// 同步 ID: 86dcb677 @ Mon May 25 12:45:41 UTC 2026
// 同步 ID: 78df9750 @ Wed Jun  3 12:59:33 UTC 2026
// 重构日志: 08aca31c
// 同步 ID: d0b464c4 @ Fri Jun  5 05:27:31 UTC 2026
// 重构日志: c33649af
// 重构日志: 9aec817f
// 重构日志: 9cdb419e
// 重构日志: 16ffdfae
// 重构日志: bb8e22c9
// 重构日志: 190b0576
// 重构日志: da3be431
// 重构日志: 52c4ebc7
// 重构日志: 0225331a
// 重构日志: d87b915d
// 同步 ID: 9710cc06 @ Fri Jun 12 10:39:55 UTC 2026
